<?xml version="1.0" encoding="UTF-8"?>
<testng-results ignored="0" total="1" passed="1" failed="0" skipped="0">
  <reporter-output>
  </reporter-output>
  <suite started-at="2025-08-06T10:49:36 IST" name="Default suite" finished-at="2025-08-06T10:50:10 IST" duration-ms="33819">
    <groups>
    </groups>
    <test started-at="2025-08-06T10:49:36 IST" name="Default test" finished-at="2025-08-06T10:50:10 IST" duration-ms="33819">
      <class name="testCases.TC_001Registration">
        <test-method is-config="true" signature="setup()[pri:0, instance:testCases.TC_001Registration@770d4269]" started-at="2025-08-06T10:49:36 IST" name="setup" finished-at="2025-08-06T10:50:01 IST" duration-ms="24717" status="PASS">
          <reporter-output>
          </reporter-output>
        </test-method> <!-- setup -->
        <test-method signature="verify_account_reg()[pri:0, instance:testCases.TC_001Registration@770d4269]" started-at="2025-08-06T10:50:01 IST" name="verify_account_reg" finished-at="2025-08-06T10:50:09 IST" duration-ms="7910" status="PASS">
          <reporter-output>
          </reporter-output>
        </test-method> <!-- verify_account_reg -->
        <test-method is-config="true" signature="teardown()[pri:0, instance:testCases.TC_001Registration@770d4269]" started-at="2025-08-06T10:50:09 IST" name="teardown" finished-at="2025-08-06T10:50:10 IST" duration-ms="713" status="PASS">
          <reporter-output>
          </reporter-output>
        </test-method> <!-- teardown -->
      </class> <!-- testCases.TC_001Registration -->
    </test> <!-- Default test -->
  </suite> <!-- Default suite -->
</testng-results>
